<?xml version="1.0" encoding="UTF-8"?>
<testng-results ignored="2" total="4" passed="2" failed="0" skipped="0">
  <reporter-output>
  </reporter-output>
  <suite started-at="2024-07-15T18:11:20 IST" name="Suite" finished-at="2024-07-15T18:12:03 IST" duration-ms="43175">
    <groups>
    </groups>
    <test started-at="2024-07-15T18:11:20 IST" name="Test" finished-at="2024-07-15T18:12:03 IST" duration-ms="43175">
      <class name="testCasePackage.TC_002_DASHBOARD">
        <test-method is-config="true" signature="testDetails()[pri:0, instance:testCasePackage.TC_002_DASHBOARD@2af004b]" started-at="2024-07-15T18:11:20 IST" name="testDetails" finished-at="2024-07-15T18:11:20 IST" duration-ms="1" status="PASS">
          <reporter-output>
          </reporter-output>
        </test-method> <!-- testDetails -->
        <test-method is-config="true" signature="testCaseDetails()[pri:0, instance:testCasePackage.TC_002_DASHBOARD@2af004b]" started-at="2024-07-15T18:11:39 IST" name="testCaseDetails" finished-at="2024-07-15T18:11:39 IST" duration-ms="0" status="PASS">
          <reporter-output>
          </reporter-output>
        </test-method> <!-- testCaseDetails -->
        <test-method is-config="true" signature="preConditions()[pri:0, instance:testCasePackage.TC_002_DASHBOARD@2af004b]" started-at="2024-07-15T18:11:39 IST" name="preConditions" finished-at="2024-07-15T18:11:51 IST" duration-ms="12096" status="PASS">
          <reporter-output>
          </reporter-output>
        </test-method> <!-- preConditions -->
        <test-method signature="verifyDashboard(java.lang.String,java.lang.String)[pri:0, instance:testCasePackage.TC_002_DASHBOARD@2af004b]" started-at="2024-07-15T18:11:51 IST" name="verifyDashboard" data-provider="sendData" finished-at="2024-07-15T18:12:03 IST" duration-ms="11684" status="PASS">
          <params>
            <param index="0">
              <value>
                <![CDATA[demoteacher1@gmail.com]]>
              </value>
            </param>
            <param index="1">
              <value>
                <![CDATA[zxcASD123@!$]]>
              </value>
            </param>
          </params>
          <reporter-output>
          </reporter-output>
        </test-method> <!-- verifyDashboard -->
        <test-method is-config="true" signature="postConditions()[pri:0, instance:testCasePackage.TC_002_DASHBOARD@2af004b]" started-at="2024-07-15T18:12:03 IST" name="postConditions" finished-at="2024-07-15T18:12:03 IST" duration-ms="340" status="PASS">
          <reporter-output>
          </reporter-output>
        </test-method> <!-- postConditions -->
      </class> <!-- testCasePackage.TC_002_DASHBOARD -->
      <class name="testCasePackage.TC_001_LOGIN">
        <test-method is-config="true" signature="startReport()[pri:0, instance:testCasePackage.TC_001_LOGIN@2cf3d63b]" started-at="2024-07-15T18:11:20 IST" name="startReport" finished-at="2024-07-15T18:11:20 IST" duration-ms="488" status="PASS">
          <reporter-output>
          </reporter-output>
        </test-method> <!-- startReport -->
        <test-method is-config="true" signature="testDetails()[pri:0, instance:testCasePackage.TC_001_LOGIN@2cf3d63b]" started-at="2024-07-15T18:11:20 IST" name="testDetails" finished-at="2024-07-15T18:11:20 IST" duration-ms="4" status="PASS">
          <reporter-output>
          </reporter-output>
        </test-method> <!-- testDetails -->
        <test-method is-config="true" signature="testCaseDetails()[pri:0, instance:testCasePackage.TC_001_LOGIN@2cf3d63b]" started-at="2024-07-15T18:11:20 IST" name="testCaseDetails" finished-at="2024-07-15T18:11:20 IST" duration-ms="12" status="PASS">
          <reporter-output>
          </reporter-output>
        </test-method> <!-- testCaseDetails -->
        <test-method is-config="true" signature="preConditions()[pri:0, instance:testCasePackage.TC_001_LOGIN@2cf3d63b]" started-at="2024-07-15T18:11:22 IST" name="preConditions" finished-at="2024-07-15T18:11:32 IST" duration-ms="9879" status="PASS">
          <reporter-output>
          </reporter-output>
        </test-method> <!-- preConditions -->
        <test-method signature="validateloginPage(java.lang.String,java.lang.String)[pri:0, instance:testCasePackage.TC_001_LOGIN@2cf3d63b]" started-at="2024-07-15T18:11:32 IST" name="validateloginPage" data-provider="sendData" finished-at="2024-07-15T18:11:36 IST" duration-ms="4373" status="PASS">
          <params>
            <param index="0">
              <value>
                <![CDATA[demoteacher1@gmail.com]]>
              </value>
            </param>
            <param index="1">
              <value>
                <![CDATA[zxcASD123@!$]]>
              </value>
            </param>
          </params>
          <reporter-output>
          </reporter-output>
        </test-method> <!-- validateloginPage -->
        <test-method is-config="true" signature="postConditions()[pri:0, instance:testCasePackage.TC_001_LOGIN@2cf3d63b]" started-at="2024-07-15T18:11:36 IST" name="postConditions" finished-at="2024-07-15T18:11:39 IST" duration-ms="2970" status="PASS">
          <reporter-output>
          </reporter-output>
        </test-method> <!-- postConditions -->
        <test-method is-config="true" signature="closeReport()[pri:0, instance:testCasePackage.TC_001_LOGIN@2cf3d63b]" started-at="2024-07-15T18:12:03 IST" name="closeReport" finished-at="2024-07-15T18:12:04 IST" duration-ms="631" status="PASS">
          <reporter-output>
          </reporter-output>
        </test-method> <!-- closeReport -->
      </class> <!-- testCasePackage.TC_001_LOGIN -->
    </test> <!-- Test -->
  </suite> <!-- Suite -->
</testng-results>
