<?xml version="1.0" encoding="UTF-8"?>
<!-- Generated by org.testng.reporters.JUnitXMLReporter -->
<testsuite ignored="2" hostname="DESKTOP-GR9A418" failures="0" tests="2" name="Test" time="43.175" errors="0" timestamp="2024-07-15T18:12:03 IST">
  <testcase classname="testCasePackage.TC_001_LOGIN" name="validateloginPage" time="4.373"/>
  <testcase classname="testCasePackage.TC_002_DASHBOARD" name="verifyDashboard" time="11.684"/>
  <testcase classname="basePackage.BaseClass" name="@BeforeSuite startReport" time="0.0">
    <ignored/>
  </testcase> <!-- @BeforeSuite startReport -->
  <testcase classname="basePackage.BaseClass" name="@AfterSuite closeReport" time="0.0">
    <ignored/>
  </testcase> <!-- @AfterSuite closeReport -->
</testsuite> <!-- Test -->
